<?xml version="1.0" encoding="UTF-8"?>
<!-- Generated by org.testng.reporters.JUnitXMLReporter -->
<testsuite ignored="0" hostname="DESKTOP-PNIJDNB" failures="0" tests="8" name="Test" time="43.905" errors="0" timestamp="2024-07-18T17:13:22 IST">
  <testcase classname="com.testngselenium.demo.NewTest" name="f" time="0.011"/>
  <testcase classname="com.testngselenium.demo.GroupTest" name="launchChrome" time="8.564"/>
  <testcase classname="com.testngselenium.demo.GroupTest" name="launchFirefox" time="15.224"/>
  <testcase classname="com.testngselenium.demo.GroupTest" name="loginWithChrome" time="4.71"/>
  <testcase classname="com.testngselenium.demo.GroupTest" name="loginWithFirefox" time="9.116"/>
  <testcase classname="com.testngselenium.demo.FirstTest" name="Hello" time="0.004"/>
  <testcase classname="com.testngselenium.demo.FirstTest" name="HelloWorld" time="0.005"/>
  <testcase classname="com.testngselenium.demo.AssertionTestDemo" name="TitleTest" time="4.087"/>
</testsuite> <!-- Test -->
