<?xml version="1.0" encoding="UTF-8"?>
<testsuite name="Test"
           tests="4"
           failures="0"
           errors="0"
           skipped="0"
           time="36.388">
  <properties />
  
  
            <testcase name="loginWithFirefox" time="9.816" classname="com.testngselenium.demo.GroupTest" />
                <testcase name="launchFirefox" time="13.951" classname="com.testngselenium.demo.GroupTest" />
                <testcase name="loginWithChrome" time="3.704" classname="com.testngselenium.demo.GroupTest" />
                <testcase name="launchChrome" time="8.917" classname="com.testngselenium.demo.GroupTest" />
      
</testsuite>
