<?xml version="1.0" encoding="UTF-8"?>
<testng-results ignored="0" total="8" passed="8" failed="0" skipped="0">
  <reporter-output>
  </reporter-output>
  <suite started-at="2024-07-18T17:12:38 IST" name="Suite" finished-at="2024-07-18T17:13:22 IST" duration-ms="43905">
    <groups>
      <group name="Chrome">
        <method signature="GroupTest.launchChrome()[pri:0, instance:com.testngselenium.demo.GroupTest@10e31a9a]" name="launchChrome" class="com.testngselenium.demo.GroupTest"/>
        <method signature="GroupTest.loginWithChrome()[pri:0, instance:com.testngselenium.demo.GroupTest@10e31a9a]" name="loginWithChrome" class="com.testngselenium.demo.GroupTest"/>
      </group> <!-- Chrome -->
      <group name="Firefox">
        <method signature="GroupTest.launchFirefox()[pri:0, instance:com.testngselenium.demo.GroupTest@10e31a9a]" name="launchFirefox" class="com.testngselenium.demo.GroupTest"/>
        <method signature="GroupTest.loginWithFirefox()[pri:0, instance:com.testngselenium.demo.GroupTest@10e31a9a]" name="loginWithFirefox" class="com.testngselenium.demo.GroupTest"/>
      </group> <!-- Firefox -->
    </groups>
    <test started-at="2024-07-18T17:12:38 IST" name="Test" finished-at="2024-07-18T17:13:22 IST" duration-ms="43905">
      <class name="com.testngselenium.demo.AssertionTestDemo">
        <test-method is-config="true" signature="beforeMethod()[pri:0, instance:com.testngselenium.demo.AssertionTestDemo@158d2680]" started-at="2024-07-18T17:13:16 IST" name="beforeMethod" finished-at="2024-07-18T17:13:18 IST" duration-ms="1938" status="PASS">
          <reporter-output>
          </reporter-output>
        </test-method> <!-- beforeMethod -->
        <test-method signature="TitleTest()[pri:0, instance:com.testngselenium.demo.AssertionTestDemo@158d2680]" started-at="2024-07-18T17:13:18 IST" name="TitleTest" finished-at="2024-07-18T17:13:22 IST" duration-ms="4087" status="PASS">
          <reporter-output>
          </reporter-output>
        </test-method> <!-- TitleTest -->
        <test-method is-config="true" signature="afterMethod()[pri:0, instance:com.testngselenium.demo.AssertionTestDemo@158d2680]" started-at="2024-07-18T17:13:22 IST" name="afterMethod" finished-at="2024-07-18T17:13:22 IST" duration-ms="1" status="PASS">
          <reporter-output>
          </reporter-output>
        </test-method> <!-- afterMethod -->
      </class> <!-- com.testngselenium.demo.AssertionTestDemo -->
      <class name="com.testngselenium.demo.FirstTest">
        <test-method is-config="true" signature="beforeSuit()[pri:0, instance:com.testngselenium.demo.FirstTest@131774fe]" started-at="2024-07-18T17:12:38 IST" name="beforeSuit" finished-at="2024-07-18T17:12:38 IST" duration-ms="67" status="PASS">
          <reporter-output>
          </reporter-output>
        </test-method> <!-- beforeSuit -->
        <test-method is-config="true" signature="beforeTest()[pri:0, instance:com.testngselenium.demo.FirstTest@131774fe]" started-at="2024-07-18T17:12:38 IST" name="beforeTest" finished-at="2024-07-18T17:12:38 IST" duration-ms="1" status="PASS">
          <reporter-output>
          </reporter-output>
        </test-method> <!-- beforeTest -->
        <test-method is-config="true" signature="beforeClass()[pri:0, instance:com.testngselenium.demo.FirstTest@131774fe]" started-at="2024-07-18T17:13:16 IST" name="beforeClass" finished-at="2024-07-18T17:13:16 IST" duration-ms="0" status="PASS">
          <reporter-output>
          </reporter-output>
        </test-method> <!-- beforeClass -->
        <test-method is-config="true" signature="beforeMethod()[pri:0, instance:com.testngselenium.demo.FirstTest@131774fe]" started-at="2024-07-18T17:13:16 IST" name="beforeMethod" finished-at="2024-07-18T17:13:16 IST" duration-ms="1" status="PASS">
          <reporter-output>
          </reporter-output>
        </test-method> <!-- beforeMethod -->
        <test-method signature="Hello()[pri:0, instance:com.testngselenium.demo.FirstTest@131774fe]" started-at="2024-07-18T17:13:16 IST" name="Hello" finished-at="2024-07-18T17:13:16 IST" duration-ms="4" status="PASS">
          <reporter-output>
          </reporter-output>
        </test-method> <!-- Hello -->
        <test-method is-config="true" signature="afterMethod()[pri:0, instance:com.testngselenium.demo.FirstTest@131774fe]" started-at="2024-07-18T17:13:16 IST" name="afterMethod" finished-at="2024-07-18T17:13:16 IST" duration-ms="1" status="PASS">
          <reporter-output>
          </reporter-output>
        </test-method> <!-- afterMethod -->
        <test-method is-config="true" signature="beforeMethod()[pri:0, instance:com.testngselenium.demo.FirstTest@131774fe]" started-at="2024-07-18T17:13:16 IST" name="beforeMethod" finished-at="2024-07-18T17:13:16 IST" duration-ms="2" status="PASS">
          <reporter-output>
          </reporter-output>
        </test-method> <!-- beforeMethod -->
        <test-method signature="HelloWorld()[pri:0, instance:com.testngselenium.demo.FirstTest@131774fe]" started-at="2024-07-18T17:13:16 IST" name="HelloWorld" finished-at="2024-07-18T17:13:16 IST" duration-ms="5" status="PASS">
          <reporter-output>
          </reporter-output>
        </test-method> <!-- HelloWorld -->
        <test-method is-config="true" signature="afterMethod()[pri:0, instance:com.testngselenium.demo.FirstTest@131774fe]" started-at="2024-07-18T17:13:16 IST" name="afterMethod" finished-at="2024-07-18T17:13:16 IST" duration-ms="2" status="PASS">
          <reporter-output>
          </reporter-output>
        </test-method> <!-- afterMethod -->
        <test-method is-config="true" signature="afterClass()[pri:0, instance:com.testngselenium.demo.FirstTest@131774fe]" started-at="2024-07-18T17:13:16 IST" name="afterClass" finished-at="2024-07-18T17:13:16 IST" duration-ms="1" status="PASS">
          <reporter-output>
          </reporter-output>
        </test-method> <!-- afterClass -->
        <test-method is-config="true" signature="AfterTest()[pri:0, instance:com.testngselenium.demo.FirstTest@131774fe]" started-at="2024-07-18T17:13:22 IST" name="AfterTest" finished-at="2024-07-18T17:13:22 IST" duration-ms="2" status="PASS">
          <reporter-output>
          </reporter-output>
        </test-method> <!-- AfterTest -->
        <test-method is-config="true" signature="AfterSuit()[pri:0, instance:com.testngselenium.demo.FirstTest@131774fe]" started-at="2024-07-18T17:13:22 IST" name="AfterSuit" finished-at="2024-07-18T17:13:22 IST" duration-ms="0" status="PASS">
          <reporter-output>
          </reporter-output>
        </test-method> <!-- AfterSuit -->
      </class> <!-- com.testngselenium.demo.FirstTest -->
      <class name="com.testngselenium.demo.GroupTest">
        <test-method signature="launchChrome()[pri:0, instance:com.testngselenium.demo.GroupTest@10e31a9a]" started-at="2024-07-18T17:12:38 IST" name="launchChrome" finished-at="2024-07-18T17:12:47 IST" duration-ms="8564" status="PASS">
          <reporter-output>
          </reporter-output>
        </test-method> <!-- launchChrome -->
        <test-method signature="launchFirefox()[pri:0, instance:com.testngselenium.demo.GroupTest@10e31a9a]" started-at="2024-07-18T17:12:47 IST" name="launchFirefox" finished-at="2024-07-18T17:13:02 IST" duration-ms="15224" status="PASS">
          <reporter-output>
          </reporter-output>
        </test-method> <!-- launchFirefox -->
        <test-method signature="loginWithChrome()[pri:0, instance:com.testngselenium.demo.GroupTest@10e31a9a]" started-at="2024-07-18T17:13:02 IST" name="loginWithChrome" finished-at="2024-07-18T17:13:07 IST" depends-on-methods="com.testngselenium.demo.GroupTest.launchChrome" duration-ms="4710" status="PASS">
          <reporter-output>
          </reporter-output>
        </test-method> <!-- loginWithChrome -->
        <test-method signature="loginWithFirefox()[pri:0, instance:com.testngselenium.demo.GroupTest@10e31a9a]" started-at="2024-07-18T17:13:07 IST" name="loginWithFirefox" finished-at="2024-07-18T17:13:16 IST" depends-on-methods="com.testngselenium.demo.GroupTest.launchFirefox" duration-ms="9116" status="PASS">
          <reporter-output>
          </reporter-output>
        </test-method> <!-- loginWithFirefox -->
      </class> <!-- com.testngselenium.demo.GroupTest -->
      <class name="com.testngselenium.demo.NewTest">
        <test-method is-config="true" signature="beforeSuite()[pri:0, instance:com.testngselenium.demo.NewTest@7e07db1f]" started-at="2024-07-18T17:12:38 IST" name="beforeSuite" finished-at="2024-07-18T17:12:38 IST" duration-ms="1" status="PASS">
          <reporter-output>
          </reporter-output>
        </test-method> <!-- beforeSuite -->
        <test-method is-config="true" signature="beforeTest()[pri:0, instance:com.testngselenium.demo.NewTest@7e07db1f]" started-at="2024-07-18T17:12:38 IST" name="beforeTest" finished-at="2024-07-18T17:12:38 IST" duration-ms="0" status="PASS">
          <reporter-output>
          </reporter-output>
        </test-method> <!-- beforeTest -->
        <test-method is-config="true" signature="beforeClass()[pri:0, instance:com.testngselenium.demo.NewTest@7e07db1f]" started-at="2024-07-18T17:12:38 IST" name="beforeClass" finished-at="2024-07-18T17:12:38 IST" duration-ms="0" status="PASS">
          <reporter-output>
          </reporter-output>
        </test-method> <!-- beforeClass -->
        <test-method is-config="true" signature="beforeMethod()[pri:0, instance:com.testngselenium.demo.NewTest@7e07db1f]" started-at="2024-07-18T17:12:38 IST" name="beforeMethod" finished-at="2024-07-18T17:12:38 IST" duration-ms="0" status="PASS">
          <reporter-output>
          </reporter-output>
        </test-method> <!-- beforeMethod -->
        <test-method signature="f()[pri:0, instance:com.testngselenium.demo.NewTest@7e07db1f]" started-at="2024-07-18T17:12:38 IST" name="f" finished-at="2024-07-18T17:12:38 IST" duration-ms="11" status="PASS">
          <reporter-output>
          </reporter-output>
        </test-method> <!-- f -->
        <test-method is-config="true" signature="afterMethod()[pri:0, instance:com.testngselenium.demo.NewTest@7e07db1f]" started-at="2024-07-18T17:12:38 IST" name="afterMethod" finished-at="2024-07-18T17:12:38 IST" duration-ms="1" status="PASS">
          <reporter-output>
          </reporter-output>
        </test-method> <!-- afterMethod -->
        <test-method is-config="true" signature="afterClass()[pri:0, instance:com.testngselenium.demo.NewTest@7e07db1f]" started-at="2024-07-18T17:12:38 IST" name="afterClass" finished-at="2024-07-18T17:12:38 IST" duration-ms="1" status="PASS">
          <reporter-output>
          </reporter-output>
        </test-method> <!-- afterClass -->
        <test-method is-config="true" signature="afterTest()[pri:0, instance:com.testngselenium.demo.NewTest@7e07db1f]" started-at="2024-07-18T17:13:22 IST" name="afterTest" finished-at="2024-07-18T17:13:22 IST" duration-ms="1" status="PASS">
          <reporter-output>
          </reporter-output>
        </test-method> <!-- afterTest -->
        <test-method is-config="true" signature="afterSuite()[pri:0, instance:com.testngselenium.demo.NewTest@7e07db1f]" started-at="2024-07-18T17:13:22 IST" name="afterSuite" finished-at="2024-07-18T17:13:22 IST" duration-ms="0" status="PASS">
          <reporter-output>
          </reporter-output>
        </test-method> <!-- afterSuite -->
      </class> <!-- com.testngselenium.demo.NewTest -->
    </test> <!-- Test -->
  </suite> <!-- Suite -->
</testng-results>
